<?xml version="1.0" encoding="UTF-8"?>
<!-- Generated by org.testng.reporters.JUnitReportReporter -->
<testsuite hostname="kuttykeerthi" failures="0" tests="3" name="runnerHurecom.RunnerClass" time="0.372" errors="0" timestamp="2024-04-25T11:27:48 IST" skipped="0">
  <testcase classname="runnerHurecom.RunnerClass" name="runScenario" time="0.039"/>
  <testcase classname="runnerHurecom.RunnerClass" name="runScenario" time="0.039"/>
  <testcase classname="runnerHurecom.RunnerClass" name="runScenario" time="0.294"/>
</testsuite> <!-- runnerHurecom.RunnerClass -->
